<?xml version="1.0" encoding="UTF-8"?>
<testsuite xmlns:xsi="http://www.w3.org/2001/XMLSchema-instance" xsi:noNamespaceSchemaLocation="https://maven.apache.org/surefire/maven-surefire-plugin/xsd/surefire-test-report-3.0.xsd" version="3.0" name="BivariateGrangerTest" time="0.046" tests="6" errors="0" skipped="0" failures="0">
  <properties>
[...]
</properties>
  <testcase name="testStripMethod" classname="BivariateGrangerTest" time="0.003"/>
  <testcase name="testSqrSumMethod" classname="BivariateGrangerTest" time="0.0"/>
  <testcase name="testDataSizeConstraints" classname="BivariateGrangerTest" time="0.0"/>
  <testcase name="testMaxLagSize" classname="BivariateGrangerTest" time="0.002">
    <system-out><![CDATA[3
]]></system-out>
  </testcase>
  <testcase name="testCreateLaggedSide" classname="BivariateGrangerTest" time="0.0"/>
  <testcase name="testApplyMethod" classname="BivariateGrangerTest" time="0.015">
    <system-out><![CDATA[1.0
0.95
]]></system-out>
  </testcase>
</testsuite>